  [1m[35m (0.3ms)[0m  [1m[35mCREATE TABLE "schema_migrations" ("version" varchar NOT NULL PRIMARY KEY)[0m
  [1m[35m (0.1ms)[0m  [1m[35mCREATE TABLE "ar_internal_metadata" ("key" varchar NOT NULL PRIMARY KEY, "value" varchar, "created_at" datetime(6) NOT NULL, "updated_at" datetime(6) NOT NULL)[0m
  [1m[36mActiveRecord::InternalMetadata Load (0.1ms)[0m  [1m[34mSELECT * FROM "ar_internal_metadata" WHERE "ar_internal_metadata"."key" = ? ORDER BY "ar_internal_metadata"."key" ASC LIMIT 1[0m  [[nil, "environment"]]
  [1m[36mActiveRecord::InternalMetadata Create (0.1ms)[0m  [1m[32mINSERT INTO "ar_internal_metadata" ("key", "value", "created_at", "updated_at") VALUES ('environment', 'development', '2024-01-26 18:21:44.634405', '2024-01-26 18:21:44.634407') RETURNING "key"[0m
  [1m[36mActiveRecord::SchemaMigration Load (0.0ms)[0m  [1m[34mSELECT "schema_migrations"."version" FROM "schema_migrations" ORDER BY "schema_migrations"."version" ASC[0m
Started GET "/manifest.json" for ::1 at 2024-01-26 15:03:48 -0800
Started GET "/ws" for ::1 at 2024-01-26 15:03:48 -0800
  [1m[36mActiveRecord::SchemaMigration Load (0.1ms)[0m  [1m[34mSELECT "schema_migrations"."version" FROM "schema_migrations" ORDER BY "schema_migrations"."version" ASC[0m
  
ActionController::RoutingError (No route matches [GET] "/ws"):
  
  
ActionController::RoutingError (No route matches [GET] "/manifest.json"):
  
Started GET "/ws" for ::1 at 2024-01-26 15:03:49 -0800
  
ActionController::RoutingError (No route matches [GET] "/ws"):
  
Started GET "/ws" for ::1 at 2024-01-26 15:03:51 -0800
  
ActionController::RoutingError (No route matches [GET] "/ws"):
  
Started GET "/ws" for ::1 at 2024-01-26 15:03:52 -0800
  
ActionController::RoutingError (No route matches [GET] "/ws"):
  
Started GET "/manifest.json" for ::1 at 2024-01-26 15:03:52 -0800
  
ActionController::RoutingError (No route matches [GET] "/manifest.json"):
  
Started GET "/ws" for ::1 at 2024-01-26 15:03:53 -0800
  
ActionController::RoutingError (No route matches [GET] "/ws"):
  
Started GET "/ws" for ::1 at 2024-01-26 15:03:55 -0800
  
ActionController::RoutingError (No route matches [GET] "/ws"):
  
Started GET "/ws" for ::1 at 2024-01-26 15:03:59 -0800
  
ActionController::RoutingError (No route matches [GET] "/ws"):
  
Started GET "/ws" for ::1 at 2024-01-26 15:04:07 -0800
  
ActionController::RoutingError (No route matches [GET] "/ws"):
  
Started GET "/ws" for ::1 at 2024-01-26 15:04:23 -0800
  
ActionController::RoutingError (No route matches [GET] "/ws"):
  
Started GET "/" for ::1 at 2024-01-26 15:04:49 -0800
Processing by Rails::WelcomeController#index as HTML
  Rendering /Users/davidro/.rbenv/versions/3.3.0/lib/ruby/gems/3.3.0/gems/railties-7.1.3/lib/rails/templates/rails/welcome/index.html.erb
  Rendered /Users/davidro/.rbenv/versions/3.3.0/lib/ruby/gems/3.3.0/gems/railties-7.1.3/lib/rails/templates/rails/welcome/index.html.erb (Duration: 0.7ms | Allocations: 269)
Completed 200 OK in 10ms (Views: 2.2ms | ActiveRecord: 0.0ms | Allocations: 2494)


Started GET "/" for ::1 at 2024-01-26 15:04:50 -0800
Processing by Rails::WelcomeController#index as HTML
  Rendering /Users/davidro/.rbenv/versions/3.3.0/lib/ruby/gems/3.3.0/gems/railties-7.1.3/lib/rails/templates/rails/welcome/index.html.erb
  Rendered /Users/davidro/.rbenv/versions/3.3.0/lib/ruby/gems/3.3.0/gems/railties-7.1.3/lib/rails/templates/rails/welcome/index.html.erb (Duration: 0.1ms | Allocations: 13)
Completed 200 OK in 1ms (Views: 0.4ms | ActiveRecord: 0.0ms | Allocations: 208)


Started GET "/" for ::1 at 2024-01-26 15:05:22 -0800
Processing by Rails::WelcomeController#index as HTML
  Rendering /Users/davidro/.rbenv/versions/3.3.0/lib/ruby/gems/3.3.0/gems/railties-7.1.3/lib/rails/templates/rails/welcome/index.html.erb
  Rendered /Users/davidro/.rbenv/versions/3.3.0/lib/ruby/gems/3.3.0/gems/railties-7.1.3/lib/rails/templates/rails/welcome/index.html.erb (Duration: 0.1ms | Allocations: 13)
Completed 200 OK in 1ms (Views: 0.5ms | ActiveRecord: 0.0ms | Allocations: 208)


Started GET "/" for ::1 at 2024-01-26 15:06:37 -0800
Processing by Rails::WelcomeController#index as HTML
  Rendering /Users/davidro/.rbenv/versions/3.3.0/lib/ruby/gems/3.3.0/gems/railties-7.1.3/lib/rails/templates/rails/welcome/index.html.erb
  Rendered /Users/davidro/.rbenv/versions/3.3.0/lib/ruby/gems/3.3.0/gems/railties-7.1.3/lib/rails/templates/rails/welcome/index.html.erb (Duration: 0.1ms | Allocations: 13)
Completed 200 OK in 2ms (Views: 0.9ms | ActiveRecord: 0.0ms | Allocations: 208)


Started GET "/ws" for ::1 at 2024-01-30 18:21:53 -0800
  [1m[36mActiveRecord::SchemaMigration Load (0.1ms)[0m  [1m[34mSELECT "schema_migrations"."version" FROM "schema_migrations" ORDER BY "schema_migrations"."version" ASC[0m
  
ActionController::RoutingError (No route matches [GET] "/ws"):
  
Started GET "/ws" for ::1 at 2024-01-30 18:21:55 -0800
  
ActionController::RoutingError (No route matches [GET] "/ws"):
  
Started GET "/ws" for ::1 at 2024-01-30 18:22:00 -0800
  
ActionController::RoutingError (No route matches [GET] "/ws"):
  
Started GET "/" for ::1 at 2024-01-30 18:22:08 -0800
Processing by Rails::WelcomeController#index as HTML
  Rendering /Users/davidro/.rbenv/versions/3.3.0/lib/ruby/gems/3.3.0/gems/railties-7.1.3/lib/rails/templates/rails/welcome/index.html.erb
  Rendered /Users/davidro/.rbenv/versions/3.3.0/lib/ruby/gems/3.3.0/gems/railties-7.1.3/lib/rails/templates/rails/welcome/index.html.erb (Duration: 0.4ms | Allocations: 271)
Completed 200 OK in 4ms (Views: 1.0ms | ActiveRecord: 0.0ms | Allocations: 1905)


Started GET "/" for ::1 at 2024-01-30 18:22:09 -0800
Processing by Rails::WelcomeController#index as HTML
  Rendering /Users/davidro/.rbenv/versions/3.3.0/lib/ruby/gems/3.3.0/gems/railties-7.1.3/lib/rails/templates/rails/welcome/index.html.erb
  Rendered /Users/davidro/.rbenv/versions/3.3.0/lib/ruby/gems/3.3.0/gems/railties-7.1.3/lib/rails/templates/rails/welcome/index.html.erb (Duration: 0.1ms | Allocations: 13)
Completed 200 OK in 1ms (Views: 0.6ms | ActiveRecord: 0.0ms | Allocations: 209)


Started GET "/" for ::1 at 2024-01-30 18:22:50 -0800
Processing by Rails::WelcomeController#index as HTML
  Rendering /Users/davidro/.rbenv/versions/3.3.0/lib/ruby/gems/3.3.0/gems/railties-7.1.3/lib/rails/templates/rails/welcome/index.html.erb
  Rendered /Users/davidro/.rbenv/versions/3.3.0/lib/ruby/gems/3.3.0/gems/railties-7.1.3/lib/rails/templates/rails/welcome/index.html.erb (Duration: 0.1ms | Allocations: 13)
Completed 200 OK in 1ms (Views: 0.5ms | ActiveRecord: 0.0ms | Allocations: 213)


Started GET "/" for ::1 at 2024-01-30 18:22:53 -0800
Processing by Rails::WelcomeController#index as HTML
  Rendering /Users/davidro/.rbenv/versions/3.3.0/lib/ruby/gems/3.3.0/gems/railties-7.1.3/lib/rails/templates/rails/welcome/index.html.erb
  Rendered /Users/davidro/.rbenv/versions/3.3.0/lib/ruby/gems/3.3.0/gems/railties-7.1.3/lib/rails/templates/rails/welcome/index.html.erb (Duration: 0.1ms | Allocations: 13)
Completed 200 OK in 2ms (Views: 0.9ms | ActiveRecord: 0.0ms | Allocations: 209)


Started GET "/" for ::1 at 2024-01-30 18:50:36 -0800
  [1m[36mActiveRecord::SchemaMigration Load (0.1ms)[0m  [1m[34mSELECT "schema_migrations"."version" FROM "schema_migrations" ORDER BY "schema_migrations"."version" ASC[0m
Processing by Rails::WelcomeController#index as HTML
  Rendering /Users/davidro/.rbenv/versions/3.3.0/lib/ruby/gems/3.3.0/gems/railties-7.1.3/lib/rails/templates/rails/welcome/index.html.erb
  Rendered /Users/davidro/.rbenv/versions/3.3.0/lib/ruby/gems/3.3.0/gems/railties-7.1.3/lib/rails/templates/rails/welcome/index.html.erb (Duration: 0.3ms | Allocations: 374)
Completed 200 OK in 6ms (Views: 1.8ms | ActiveRecord: 0.0ms | Allocations: 4297)


Started GET "/" for ::1 at 2024-01-30 18:50:38 -0800
Processing by Rails::WelcomeController#index as HTML
  Rendering /Users/davidro/.rbenv/versions/3.3.0/lib/ruby/gems/3.3.0/gems/railties-7.1.3/lib/rails/templates/rails/welcome/index.html.erb
  Rendered /Users/davidro/.rbenv/versions/3.3.0/lib/ruby/gems/3.3.0/gems/railties-7.1.3/lib/rails/templates/rails/welcome/index.html.erb (Duration: 0.1ms | Allocations: 13)
Completed 200 OK in 2ms (Views: 0.9ms | ActiveRecord: 0.0ms | Allocations: 214)


Started GET "/" for ::1 at 2024-01-30 18:50:58 -0800
  [1m[36mActiveRecord::SchemaMigration Load (0.1ms)[0m  [1m[34mSELECT "schema_migrations"."version" FROM "schema_migrations" ORDER BY "schema_migrations"."version" ASC[0m
Processing by Rails::WelcomeController#index as HTML
  Rendering /Users/davidro/.rbenv/versions/3.3.0/lib/ruby/gems/3.3.0/gems/railties-7.1.3/lib/rails/templates/rails/welcome/index.html.erb
  Rendered /Users/davidro/.rbenv/versions/3.3.0/lib/ruby/gems/3.3.0/gems/railties-7.1.3/lib/rails/templates/rails/welcome/index.html.erb (Duration: 0.3ms | Allocations: 374)
Completed 200 OK in 4ms (Views: 1.5ms | ActiveRecord: 0.0ms | Allocations: 4297)


Started GET "/" for ::1 at 2024-01-30 18:51:08 -0800
Processing by Rails::WelcomeController#index as HTML
  Rendering /Users/davidro/.rbenv/versions/3.3.0/lib/ruby/gems/3.3.0/gems/railties-7.1.3/lib/rails/templates/rails/welcome/index.html.erb
  Rendered /Users/davidro/.rbenv/versions/3.3.0/lib/ruby/gems/3.3.0/gems/railties-7.1.3/lib/rails/templates/rails/welcome/index.html.erb (Duration: 0.2ms | Allocations: 13)
Completed 200 OK in 4ms (Views: 3.0ms | ActiveRecord: 0.0ms | Allocations: 214)


Started GET "/" for ::1 at 2024-01-30 18:51:09 -0800
Processing by Rails::WelcomeController#index as HTML
  Rendering /Users/davidro/.rbenv/versions/3.3.0/lib/ruby/gems/3.3.0/gems/railties-7.1.3/lib/rails/templates/rails/welcome/index.html.erb
  Rendered /Users/davidro/.rbenv/versions/3.3.0/lib/ruby/gems/3.3.0/gems/railties-7.1.3/lib/rails/templates/rails/welcome/index.html.erb (Duration: 0.1ms | Allocations: 13)
Completed 200 OK in 3ms (Views: 1.5ms | ActiveRecord: 0.0ms | Allocations: 213)


Started GET "/" for ::1 at 2024-01-30 18:51:09 -0800
Processing by Rails::WelcomeController#index as HTML
  Rendering /Users/davidro/.rbenv/versions/3.3.0/lib/ruby/gems/3.3.0/gems/railties-7.1.3/lib/rails/templates/rails/welcome/index.html.erb
  Rendered /Users/davidro/.rbenv/versions/3.3.0/lib/ruby/gems/3.3.0/gems/railties-7.1.3/lib/rails/templates/rails/welcome/index.html.erb (Duration: 0.1ms | Allocations: 13)
Completed 200 OK in 2ms (Views: 0.8ms | ActiveRecord: 0.0ms | Allocations: 213)


Started GET "/api/stocks/AAPL" for ::1 at 2024-02-02 13:20:48 -0800
  [1m[36mActiveRecord::SchemaMigration Load (0.1ms)[0m  [1m[34mSELECT "schema_migrations"."version" FROM "schema_migrations" ORDER BY "schema_migrations"."version" ASC[0m
  
ActionController::RoutingError (No route matches [GET] "/api/stocks/AAPL"):
  
Started GET "/" for ::1 at 2024-02-02 13:20:56 -0800
Processing by Rails::WelcomeController#index as HTML
  Rendering /Users/davidro/.rbenv/versions/3.3.0/lib/ruby/gems/3.3.0/gems/railties-7.1.3/lib/rails/templates/rails/welcome/index.html.erb
  Rendered /Users/davidro/.rbenv/versions/3.3.0/lib/ruby/gems/3.3.0/gems/railties-7.1.3/lib/rails/templates/rails/welcome/index.html.erb (Duration: 0.5ms | Allocations: 269)
Completed 200 OK in 5ms (Views: 1.4ms | ActiveRecord: 0.0ms | Allocations: 1897)


Started GET "/" for ::1 at 2024-02-02 13:21:16 -0800
Processing by Rails::WelcomeController#index as HTML
  Rendering /Users/davidro/.rbenv/versions/3.3.0/lib/ruby/gems/3.3.0/gems/railties-7.1.3/lib/rails/templates/rails/welcome/index.html.erb
  Rendered /Users/davidro/.rbenv/versions/3.3.0/lib/ruby/gems/3.3.0/gems/railties-7.1.3/lib/rails/templates/rails/welcome/index.html.erb (Duration: 0.1ms | Allocations: 13)
Completed 200 OK in 1ms (Views: 0.6ms | ActiveRecord: 0.0ms | Allocations: 212)


Started GET "/api/stocks/AAPL" for 127.0.0.1 at 2024-02-02 13:30:25 -0800
  [1m[36mActiveRecord::SchemaMigration Load (0.0ms)[0m  [1m[34mSELECT "schema_migrations"."version" FROM "schema_migrations" ORDER BY "schema_migrations"."version" ASC[0m
  
ActionController::RoutingError (No route matches [GET] "/api/stocks/AAPL"):
  
Started GET "/api/stocks/AAPL" for 127.0.0.1 at 2024-02-02 13:30:58 -0800
  
ActionController::RoutingError (No route matches [GET] "/api/stocks/AAPL"):
  
Started GET "/stocks/AAPL" for 127.0.0.1 at 2024-02-02 13:31:45 -0800
Processing by StocksController#show as */*
  Parameters: {"id"=>"AAPL"}
Completed 422 Unprocessable Entity in 3ms (Views: 0.2ms | ActiveRecord: 0.0ms | Allocations: 1363)


Started GET "/stocks/AAPL" for 127.0.0.1 at 2024-02-02 13:34:53 -0800
  [1m[36mActiveRecord::SchemaMigration Load (0.0ms)[0m  [1m[34mSELECT "schema_migrations"."version" FROM "schema_migrations" ORDER BY "schema_migrations"."version" ASC[0m
Processing by StocksController#show as */*
  Parameters: {"id"=>"AAPL"}
Completed 422 Unprocessable Entity in 344ms (Views: 0.5ms | ActiveRecord: 0.0ms | Allocations: 2213)


Started GET "/stocks/AAPL" for 127.0.0.1 at 2024-02-02 13:36:59 -0800
Processing by StocksController#show as */*
  Parameters: {"id"=>"AAPL"}
Completed 422 Unprocessable Entity in 331ms (Views: 0.7ms | ActiveRecord: 0.0ms | Allocations: 755)


Started GET "/stocks/AAPL" for 127.0.0.1 at 2024-02-02 13:37:31 -0800
  [1m[36mActiveRecord::SchemaMigration Load (0.0ms)[0m  [1m[34mSELECT "schema_migrations"."version" FROM "schema_migrations" ORDER BY "schema_migrations"."version" ASC[0m
Processing by StocksController#show as */*
  Parameters: {"id"=>"AAPL"}
Completed 422 Unprocessable Entity in 338ms (Views: 1.1ms | ActiveRecord: 0.0ms | Allocations: 2220)


Started GET "/stocks/AAPL" for 127.0.0.1 at 2024-02-02 13:37:32 -0800
Processing by StocksController#show as */*
  Parameters: {"id"=>"AAPL"}
Completed 422 Unprocessable Entity in 553ms (Views: 2.6ms | ActiveRecord: 0.0ms | Allocations: 670)


Started GET "/stocks/AAPL" for 127.0.0.1 at 2024-02-02 13:39:20 -0800
Processing by StocksController#show as */*
  Parameters: {"id"=>"AAPL"}
Received request for stock with id: AAPL
Completed 422 Unprocessable Entity in 339ms (Views: 0.8ms | ActiveRecord: 0.0ms | Allocations: 743)


Started GET "/stocks/AAPL" for 127.0.0.1 at 2024-02-02 13:39:43 -0800
  [1m[36mActiveRecord::SchemaMigration Load (0.0ms)[0m  [1m[34mSELECT "schema_migrations"."version" FROM "schema_migrations" ORDER BY "schema_migrations"."version" ASC[0m
Processing by StocksController#show as */*
  Parameters: {"id"=>"AAPL"}
Received request for stock with id: AAPL
Completed 422 Unprocessable Entity in 305ms (Views: 1.5ms | ActiveRecord: 0.0ms | Allocations: 2235)


Started GET "/stocks/AAPL" for 127.0.0.1 at 2024-02-02 13:41:20 -0800
Processing by StocksController#show as */*
  Parameters: {"id"=>"AAPL"}
Received request for stock with id: AAPL
Received request for stock with response code: 403
Completed 422 Unprocessable Entity in 337ms (Views: 1.1ms | ActiveRecord: 0.0ms | Allocations: 756)


Started GET "/stocks/AAPL" for 127.0.0.1 at 2024-02-02 13:44:31 -0800
Processing by StocksController#show as */*
  Parameters: {"id"=>"AAPL"}
Received request for stock with id: AAPL
Received request for stock with response code: 200
Completed 200 OK in 336ms (Views: 1.4ms | ActiveRecord: 0.0ms | Allocations: 935)


Started GET "/stocks/AAPL" for 127.0.0.1 at 2024-02-02 13:47:37 -0800
Processing by StocksController#show as */*
  Parameters: {"id"=>"AAPL"}
Received request for stock with id: AAPL
Received request for stock with response code: 404
Completed 422 Unprocessable Entity in 341ms (Views: 0.6ms | ActiveRecord: 0.0ms | Allocations: 788)


Started GET "/stocks/AAPL" for 127.0.0.1 at 2024-02-02 13:49:07 -0800
Processing by StocksController#show as */*
  Parameters: {"id"=>"AAPL"}
Received request for stock with id: AAPL
Received request for stock with response code: 200
Completed 200 OK in 372ms (Views: 0.9ms | ActiveRecord: 0.0ms | Allocations: 865)


Started GET "/stocks/AAPL" for 127.0.0.1 at 2024-02-02 14:17:46 -0800
Processing by StocksController#show as */*
  Parameters: {"id"=>"AAPL"}
Received request for stock with id: AAPL
Received request for stock with response code: 200
Completed 200 OK in 350ms (Views: 0.9ms | ActiveRecord: 0.0ms | Allocations: 854)


Started GET "/stocks/AAPL" for 127.0.0.1 at 2024-02-02 14:18:25 -0800
Processing by StocksController#show as */*
  Parameters: {"id"=>"AAPL"}
Received request for stock with id: AAPL
Received request for stock with response code: 200
Completed 200 OK in 442ms (Views: 0.2ms | ActiveRecord: 0.0ms | Allocations: 869)


Started GET "/stocks/AAPL" for 127.0.0.1 at 2024-02-02 14:18:40 -0800
Processing by StocksController#show as */*
  Parameters: {"id"=>"AAPL"}
Received request for stock with id: AAPL
Received request for stock with response code: 200
Completed 200 OK in 289ms (Views: 0.7ms | ActiveRecord: 0.0ms | Allocations: 849)


Started GET "/stocks/AAPL" for 127.0.0.1 at 2024-02-02 14:18:41 -0800
Processing by StocksController#show as */*
  Parameters: {"id"=>"AAPL"}
Received request for stock with id: AAPL
Received request for stock with response code: 200
Completed 200 OK in 289ms (Views: 0.7ms | ActiveRecord: 0.0ms | Allocations: 790)


Started GET "/stocks/AAPL" for 127.0.0.1 at 2024-02-02 14:18:42 -0800
Processing by StocksController#show as */*
  Parameters: {"id"=>"AAPL"}
Received request for stock with id: AAPL
Received request for stock with response code: 200
Completed 200 OK in 328ms (Views: 0.8ms | ActiveRecord: 0.0ms | Allocations: 791)


Started GET "/stocks/VZ" for 127.0.0.1 at 2024-02-02 14:18:48 -0800
Processing by StocksController#show as */*
  Parameters: {"id"=>"VZ"}
Received request for stock with id: VZ
Received request for stock with response code: 200
Completed 200 OK in 288ms (Views: 0.7ms | ActiveRecord: 0.0ms | Allocations: 784)


Started GET "/stocks/AAPL" for 127.0.0.1 at 2024-02-02 14:18:54 -0800
Processing by StocksController#show as */*
  Parameters: {"id"=>"AAPL"}
Received request for stock with id: AAPL
Received request for stock with response code: 429
Completed 422 Unprocessable Entity in 283ms (Views: 0.7ms | ActiveRecord: 0.0ms | Allocations: 720)


Started GET "/stocks/AAPL" for 127.0.0.1 at 2024-02-02 14:19:00 -0800
Processing by StocksController#show as */*
  Parameters: {"id"=>"AAPL"}
Received request for stock with id: AAPL
Received request for stock with response code: 200
Completed 200 OK in 323ms (Views: 0.7ms | ActiveRecord: 0.0ms | Allocations: 784)


Started GET "/stocks/AAPL" for 127.0.0.1 at 2024-02-02 14:19:58 -0800
Processing by StocksController#show as */*
  Parameters: {"id"=>"AAPL"}
Received request for stock with id: AAPL
Received request for stock with response code: 401
Completed 422 Unprocessable Entity in 342ms (Views: 0.7ms | ActiveRecord: 0.0ms | Allocations: 789)


Started GET "/stocks/AAPL" for 127.0.0.1 at 2024-02-02 14:20:00 -0800
Processing by StocksController#show as */*
  Parameters: {"id"=>"AAPL"}
Received request for stock with id: AAPL
Received request for stock with response code: 401
Completed 422 Unprocessable Entity in 293ms (Views: 0.6ms | ActiveRecord: 0.0ms | Allocations: 699)


Started GET "/stocks/AAPL" for 127.0.0.1 at 2024-02-02 14:20:33 -0800
Processing by StocksController#show as */*
  Parameters: {"id"=>"AAPL"}
Received request for stock with id: AAPL
Received request for stock with response code: 
Completed 422 Unprocessable Entity in 290ms (Views: 0.4ms | ActiveRecord: 0.0ms | Allocations: 761)


Started GET "/stocks/AAPL" for 127.0.0.1 at 2024-02-02 14:21:09 -0800
Processing by StocksController#show as */*
  Parameters: {"id"=>"AAPL"}
Received request for stock with id: AAPL
Received request for stock with response code: LPZyEJYpXd7yOaVCwjxGDDu4UuSEWs_y
Completed 200 OK in 345ms (Views: 0.9ms | ActiveRecord: 0.0ms | Allocations: 865)


Started GET "/stocks/AAPL" for 127.0.0.1 at 2024-02-02 14:21:12 -0800
Processing by StocksController#show as */*
  Parameters: {"id"=>"AAPL"}
Received request for stock with id: AAPL
Received request for stock with response code: LPZyEJYpXd7yOaVCwjxGDDu4UuSEWs_y
Completed 200 OK in 304ms (Views: 1.2ms | ActiveRecord: 0.0ms | Allocations: 786)


Started GET "/stocks/AAPL" for 127.0.0.1 at 2024-02-02 14:22:09 -0800
Processing by StocksController#show as */*
  Parameters: {"id"=>"AAPL"}
Received request for stock with id: AAPL
Received request for stock with response code: LPZyEJYpXd7yOaVCwjxGDDu4UuSEWs_y
Completed 200 OK in 336ms (Views: 0.6ms | ActiveRecord: 0.0ms | Allocations: 786)


Started GET "/stocks/" for 127.0.0.1 at 2024-02-02 14:25:33 -0800
  
ActionController::RoutingError (No route matches [GET] "/stocks"):
  
Started GET "/stocks/AAPL" for 127.0.0.1 at 2024-02-02 14:25:37 -0800
Processing by StocksController#show as */*
  Parameters: {"id"=>"AAPL"}
Received request for stock with id: AAPL
Received request for stock with response code: LPZyEJYpXd7yOaVCwjxGDDu4UuSEWs_y
Completed 200 OK in 353ms (Views: 0.7ms | ActiveRecord: 0.0ms | Allocations: 798)


Started GET "/stocks/AAPL" for 127.0.0.1 at 2024-02-02 14:31:31 -0800
Processing by StocksController#show as */*
  Parameters: {"id"=>"AAPL"}
Received request for stock with id: AAPL
Received request for stock with response code: LPZyEJYpXd7yOaVCwjxGDDu4UuSEWs_y
Completed 200 OK in 345ms (Views: 0.3ms | ActiveRecord: 0.0ms | Allocations: 783)


Started GET "/stocks/AAPL" for 127.0.0.1 at 2024-02-02 14:31:32 -0800
Processing by StocksController#show as */*
  Parameters: {"id"=>"AAPL"}
Received request for stock with id: AAPL
Received request for stock with response code: LPZyEJYpXd7yOaVCwjxGDDu4UuSEWs_y
Completed 200 OK in 788ms (Views: 0.7ms | ActiveRecord: 0.0ms | Allocations: 785)


Started GET "/stocks/AAPL" for 127.0.0.1 at 2024-02-02 14:32:16 -0800
Processing by StocksController#show as */*
  Parameters: {"id"=>"AAPL"}
Received request for stock with id: AAPL
Received request for stock with response code: LPZyEJYpXd7yOaVCwjxGDDu4UuSEWs_y
Completed 200 OK in 311ms (Views: 0.7ms | ActiveRecord: 0.0ms | Allocations: 781)


Started GET "/stocks/VZ" for 127.0.0.1 at 2024-02-02 14:32:19 -0800
Processing by StocksController#show as */*
  Parameters: {"id"=>"VZ"}
Received request for stock with id: VZ
Received request for stock with response code: LPZyEJYpXd7yOaVCwjxGDDu4UuSEWs_y
Completed 200 OK in 324ms (Views: 1.1ms | ActiveRecord: 0.0ms | Allocations: 784)


Started GET "/stocks/AAPL" for 127.0.0.1 at 2024-02-02 14:32:27 -0800
Processing by StocksController#show as */*
  Parameters: {"id"=>"AAPL"}
Received request for stock with id: AAPL
Received request for stock with response code: LPZyEJYpXd7yOaVCwjxGDDu4UuSEWs_y
Completed 200 OK in 304ms (Views: 0.8ms | ActiveRecord: 0.0ms | Allocations: 781)


Started GET "/stocks/UBER" for 127.0.0.1 at 2024-02-02 14:32:35 -0800
Processing by StocksController#show as */*
  Parameters: {"id"=>"UBER"}
Received request for stock with id: UBER
Received request for stock with response code: LPZyEJYpXd7yOaVCwjxGDDu4UuSEWs_y
Completed 200 OK in 349ms (Views: 0.7ms | ActiveRecord: 0.0ms | Allocations: 781)


Started GET "/stocks/UBER" for 127.0.0.1 at 2024-02-02 14:32:42 -0800
Processing by StocksController#show as */*
  Parameters: {"id"=>"UBER"}
Received request for stock with id: UBER
Received request for stock with response code: LPZyEJYpXd7yOaVCwjxGDDu4UuSEWs_y
Completed 200 OK in 390ms (Views: 0.7ms | ActiveRecord: 0.0ms | Allocations: 786)


Started GET "/stocks/AAPL" for 127.0.0.1 at 2024-02-02 14:32:56 -0800
Processing by StocksController#show as */*
  Parameters: {"id"=>"AAPL"}
Received request for stock with id: AAPL
Received request for stock with response code: LPZyEJYpXd7yOaVCwjxGDDu4UuSEWs_y
Completed 422 Unprocessable Entity in 326ms (Views: 0.6ms | ActiveRecord: 0.0ms | Allocations: 692)


Started GET "/stocks/AAPL" for 127.0.0.1 at 2024-02-02 14:32:59 -0800
Processing by StocksController#show as */*
  Parameters: {"id"=>"AAPL"}
Received request for stock with id: AAPL
Received request for stock with response code: LPZyEJYpXd7yOaVCwjxGDDu4UuSEWs_y
Completed 422 Unprocessable Entity in 290ms (Views: 0.8ms | ActiveRecord: 0.0ms | Allocations: 692)


Started GET "/stocks/AAPL" for 127.0.0.1 at 2024-02-02 14:33:02 -0800
Processing by StocksController#show as */*
  Parameters: {"id"=>"AAPL"}
Received request for stock with id: AAPL
Received request for stock with response code: LPZyEJYpXd7yOaVCwjxGDDu4UuSEWs_y
Completed 200 OK in 392ms (Views: 0.3ms | ActiveRecord: 0.0ms | Allocations: 781)


Started GET "/stocks/UBER" for 127.0.0.1 at 2024-02-02 14:33:30 -0800
Processing by StocksController#show as */*
  Parameters: {"id"=>"UBER"}
Received request for stock with id: UBER
Received request for stock with response code: LPZyEJYpXd7yOaVCwjxGDDu4UuSEWs_y
Completed 200 OK in 286ms (Views: 0.2ms | ActiveRecord: 0.0ms | Allocations: 781)


Started GET "/stocks/AMZN" for 127.0.0.1 at 2024-02-02 14:35:40 -0800
Processing by StocksController#show as */*
  Parameters: {"id"=>"AMZN"}
Received request for stock with id: AMZN
Received request for stock with response code: LPZyEJYpXd7yOaVCwjxGDDu4UuSEWs_y
Completed 200 OK in 358ms (Views: 0.7ms | ActiveRecord: 0.0ms | Allocations: 783)


Started GET "/stocks/AAPL" for 127.0.0.1 at 2024-02-02 14:40:57 -0800
Processing by StocksController#show as */*
  Parameters: {"id"=>"AAPL"}
Received request for stock with id: AAPL
Received request for stock with response code: LPZyEJYpXd7yOaVCwjxGDDu4UuSEWs_y
Completed 200 OK in 382ms (Views: 0.8ms | ActiveRecord: 0.0ms | Allocations: 782)


Started GET "/stocks/" for 127.0.0.1 at 2024-02-02 14:41:21 -0800
  
ActionController::RoutingError (No route matches [GET] "/stocks"):
  
Started GET "/stocks/AMZN" for 127.0.0.1 at 2024-02-02 14:41:39 -0800
Processing by StocksController#show as */*
  Parameters: {"id"=>"AMZN"}
Received request for stock with id: AMZN
Received request for stock with response code: LPZyEJYpXd7yOaVCwjxGDDu4UuSEWs_y
Completed 200 OK in 296ms (Views: 0.7ms | ActiveRecord: 0.0ms | Allocations: 797)


Started GET "/stocks/" for 127.0.0.1 at 2024-02-02 14:41:45 -0800
  
ActionController::RoutingError (No route matches [GET] "/stocks"):
  
Started GET "/stocks/AAPL" for 127.0.0.1 at 2024-02-02 14:44:38 -0800
Processing by StocksController#show as */*
  Parameters: {"id"=>"AAPL"}
Received request for stock with id: AAPL
Received request for stock with response code: LPZyEJYpXd7yOaVCwjxGDDu4UuSEWs_y
Completed 200 OK in 325ms (Views: 1.1ms | ActiveRecord: 0.0ms | Allocations: 859)


Started GET "/stocks/AAPL" for 127.0.0.1 at 2024-02-02 14:50:08 -0800
Processing by StocksController#show as */*
  Parameters: {"id"=>"AAPL"}
Received request for stock with response code: LPZyEJYpXd7yOaVCwjxGDDu4UuSEWs_y
Completed 200 OK in 372ms (Views: 1.9ms | ActiveRecord: 0.0ms | Allocations: 848)


Started GET "/stocks/VZ" for 127.0.0.1 at 2024-02-02 14:50:11 -0800
Processing by StocksController#show as */*
  Parameters: {"id"=>"VZ"}
Received request for stock with response code: LPZyEJYpXd7yOaVCwjxGDDu4UuSEWs_y
Completed 200 OK in 437ms (Views: 0.6ms | ActiveRecord: 0.0ms | Allocations: 770)


Started GET "/stocks/VZ" for 127.0.0.1 at 2024-02-02 14:50:23 -0800
Processing by StocksController#show as */*
  Parameters: {"id"=>"VZ"}
Received request for stock with response code: LPZyEJYpXd7yOaVCwjxGDDu4UuSEWs_y
Completed 200 OK in 337ms (Views: 0.6ms | ActiveRecord: 0.0ms | Allocations: 770)


